Using pre-set license
Built from '2022.3/staging' branch; Version is '2022.3.42f1 (2dcb6a0abc42) revision 3001194'; Using compiler version '192829333'; Build Type 'Release'
OS: 'Windows 10  (10.0.19045) 64bit Core' Language: 'es' Physical Memory: 16106 MB
BatchMode: 1, IsHumanControllingUs: 0, StartBugReporterOnCrash: 0, Is64bit: 1, IsPro: 1

COMMAND LINE ARGUMENTS:
C:\Program Files\Unity\Hub\Editor\2022.3.42f1\Editor\Unity.exe
-adb2
-batchMode
-noUpm
-name
AssetImportWorker3
-projectPath
C:/Users/shado/OneDrive/Documentos/GitHub/DesetTress/Desert
-logFile
Logs/AssetImportWorker3.log
-srvPort
56108
Successfully changed project path to: C:/Users/shado/OneDrive/Documentos/GitHub/DesetTress/Desert
C:/Users/shado/OneDrive/Documentos/GitHub/DesetTress/Desert
[UnityMemory] Configuration Parameters - Can be set up in boot.config
    "memorysetup-bucket-allocator-granularity=16"
    "memorysetup-bucket-allocator-bucket-count=8"
    "memorysetup-bucket-allocator-block-size=33554432"
    "memorysetup-bucket-allocator-block-count=8"
    "memorysetup-main-allocator-block-size=16777216"
    "memorysetup-thread-allocator-block-size=16777216"
    "memorysetup-gfx-main-allocator-block-size=16777216"
    "memorysetup-gfx-thread-allocator-block-size=16777216"
    "memorysetup-cache-allocator-block-size=4194304"
    "memorysetup-typetree-allocator-block-size=2097152"
    "memorysetup-profiler-bucket-allocator-granularity=16"
    "memorysetup-profiler-bucket-allocator-bucket-count=8"
    "memorysetup-profiler-bucket-allocator-block-size=33554432"
    "memorysetup-profiler-bucket-allocator-block-count=8"
    "memorysetup-profiler-allocator-block-size=16777216"
    "memorysetup-profiler-editor-allocator-block-size=1048576"
    "memorysetup-temp-allocator-size-main=16777216"
    "memorysetup-job-temp-allocator-block-size=2097152"
    "memorysetup-job-temp-allocator-block-size-background=1048576"
    "memorysetup-job-temp-allocator-reduction-small-platforms=262144"
    "memorysetup-allocator-temp-initial-block-size-main=262144"
    "memorysetup-allocator-temp-initial-block-size-worker=262144"
    "memorysetup-temp-allocator-size-background-worker=32768"
    "memorysetup-temp-allocator-size-job-worker=262144"
    "memorysetup-temp-allocator-size-preload-manager=33554432"
    "memorysetup-temp-allocator-size-nav-mesh-worker=65536"
    "memorysetup-temp-allocator-size-audio-worker=65536"
    "memorysetup-temp-allocator-size-cloud-worker=32768"
    "memorysetup-temp-allocator-size-gi-baking-worker=262144"
    "memorysetup-temp-allocator-size-gfx=262144"
Player connection [12652]  Target information:

Player connection [12652]  * "[IP] 148.210.106.42 [Port] 0 [Flags] 2 [Guid] 7176583 [EditorId] 7176583 [Version] 1048832 [Id] WindowsEditor(7,LAPTOP-CPHKPSDK) [Debug] 1 [PackageName] WindowsEditor [ProjectName] Editor" 

Player connection [12652] Host joined multi-casting on [225.0.0.222:54997]...
Player connection [12652] Host joined alternative multi-casting on [225.0.0.222:34997]...
[PhysX] Initialized MultithreadedTaskDispatcher with 16 workers.
Refreshing native plugins compatible for Editor in 31.20 ms, found 3 plugins.
Preloading 0 native plugins for Editor in 0.00 ms.
Initialize engine version: 2022.3.42f1 (2dcb6a0abc42)
[Subsystems] Discovering subsystems at path C:/Program Files/Unity/Hub/Editor/2022.3.42f1/Editor/Data/Resources/UnitySubsystems
[Subsystems] Discovering subsystems at path C:/Users/shado/OneDrive/Documentos/GitHub/DesetTress/Desert/Assets
GfxDevice: creating device client; threaded=0; jobified=0
Direct3D:
    Version:  Direct3D 11.0 [level 11.1]
    Renderer: NVIDIA GeForce RTX 3060 Laptop GPU (ID=0x2520)
    Vendor:   NVIDIA
    VRAM:     6023 MB
    Driver:   31.0.15.1720
Initialize mono
Mono path[0] = 'C:/Program Files/Unity/Hub/Editor/2022.3.42f1/Editor/Data/Managed'
Mono path[1] = 'C:/Program Files/Unity/Hub/Editor/2022.3.42f1/Editor/Data/MonoBleedingEdge/lib/mono/unityjit-win32'
Mono config path = 'C:/Program Files/Unity/Hub/Editor/2022.3.42f1/Editor/Data/MonoBleedingEdge/etc'
Using monoOptions --debugger-agent=transport=dt_socket,embedding=1,server=y,suspend=n,address=127.0.0.1:56796
Begin MonoManager ReloadAssembly
Registering precompiled unity dll's ...
Register platform support module: C:/Program Files/Unity/Hub/Editor/2022.3.42f1/Editor/Data/PlaybackEngines/AndroidPlayer/UnityEditor.Android.Extensions.dll
Register platform support module: C:/Program Files/Unity/Hub/Editor/2022.3.42f1/Editor/Data/PlaybackEngines/WindowsStandaloneSupport/UnityEditor.WindowsStandalone.Extensions.dll
Registered in 0.016101 seconds.
- Loaded All Assemblies, in  0.468 seconds
Native extension for WindowsStandalone target not found
Native extension for Android target not found
Android Extension - Scanning For ADB Devices 234 ms
Mono: successfully reloaded assembly
- Finished resetting the current domain, in  0.621 seconds
Domain Reload Profiling: 1087ms
	BeginReloadAssembly (165ms)
		ExecutionOrderSort (0ms)
		DisableScriptedObjects (0ms)
		BackupInstance (0ms)
		ReleaseScriptingObjects (0ms)
		CreateAndSetChildDomain (1ms)
	RebuildCommonClasses (40ms)
	RebuildNativeTypeToScriptingClass (16ms)
	initialDomainReloadingComplete (80ms)
	LoadAllAssembliesAndSetupDomain (164ms)
		LoadAssemblies (163ms)
		RebuildTransferFunctionScriptingTraits (0ms)
		AnalyzeDomain (161ms)
			TypeCache.Refresh (159ms)
				TypeCache.ScanAssembly (146ms)
			ScanForSourceGeneratedMonoScriptInfo (1ms)
			ResolveRequiredComponents (0ms)
	FinalizeReload (621ms)
		ReleaseScriptCaches (0ms)
		RebuildScriptCaches (0ms)
		SetupLoadedEditorAssemblies (568ms)
			LogAssemblyErrors (0ms)
			InitializePlatformSupportModulesInManaged (385ms)
			SetLoadedEditorAssemblies (4ms)
			RefreshPlugins (0ms)
			BeforeProcessingInitializeOnLoad (2ms)
			ProcessInitializeOnLoadAttributes (128ms)
			ProcessInitializeOnLoadMethodAttributes (49ms)
			AfterProcessingInitializeOnLoad (0ms)
			EditorAssembliesLoaded (0ms)
		ExecutionOrderSort2 (0ms)
		AwakeInstancesAfterBackupRestoration (0ms)
========================================================================
Worker process is ready to serve import requests
Caller must complete domain reload
Begin MonoManager ReloadAssembly
- Loaded All Assemblies, in  0.794 seconds
Native extension for WindowsStandalone target not found
Native extension for Android target not found
Package Manager log level set to [2]
[Package Manager] Server::EnsureServerProcessIsRunning -- launch failed, reason: Unity was launched with the -noUpm command-line argument
[Package Manager] UpmClient::Send -- Unable to send message (not connected to UPM process).
[Package Manager] Cannot connect to Unity Package Manager local server
Mono: successfully reloaded assembly
- Finished resetting the current domain, in  0.826 seconds
Domain Reload Profiling: 1611ms
	BeginReloadAssembly (183ms)
		ExecutionOrderSort (0ms)
		DisableScriptedObjects (6ms)
		BackupInstance (0ms)
		ReleaseScriptingObjects (0ms)
		CreateAndSetChildDomain (24ms)
	RebuildCommonClasses (45ms)
	RebuildNativeTypeToScriptingClass (14ms)
	initialDomainReloadingComplete (63ms)
	LoadAllAssembliesAndSetupDomain (479ms)
		LoadAssemblies (393ms)
		RebuildTransferFunctionScriptingTraits (0ms)
		AnalyzeDomain (199ms)
			TypeCache.Refresh (177ms)
				TypeCache.ScanAssembly (157ms)
			ScanForSourceGeneratedMonoScriptInfo (16ms)
			ResolveRequiredComponents (5ms)
	FinalizeReload (827ms)
		ReleaseScriptCaches (0ms)
		RebuildScriptCaches (0ms)
		SetupLoadedEditorAssemblies (663ms)
			LogAssemblyErrors (0ms)
			InitializePlatformSupportModulesInManaged (27ms)
			SetLoadedEditorAssemblies (2ms)
			RefreshPlugins (0ms)
			BeforeProcessingInitializeOnLoad (69ms)
			ProcessInitializeOnLoadAttributes (534ms)
			ProcessInitializeOnLoadMethodAttributes (22ms)
			AfterProcessingInitializeOnLoad (9ms)
			EditorAssembliesLoaded (0ms)
		ExecutionOrderSort2 (0ms)
		AwakeInstancesAfterBackupRestoration (6ms)
Launched and connected shader compiler UnityShaderCompiler.exe after 0.05 seconds
Refreshing native plugins compatible for Editor in 2.96 ms, found 3 plugins.
Preloading 0 native plugins for Editor in 0.00 ms.
Unloading 3139 Unused Serialized files (Serialized files now loaded: 0)
Unloading 19 unused Assets / (54.6 KB). Loaded Objects now: 3608.
Memory consumption went from 128.3 MB to 128.2 MB.
Total: 2.788600 ms (FindLiveObjects: 0.214100 ms CreateObjectMapping: 0.067400 ms MarkObjects: 2.423900 ms  DeleteObjects: 0.081900 ms)

AssetImportParameters requested are different than current active one (requested -> active):
  custom:container-demuxer-ogg: 62fdf1f143b41e24485cea50d1cbac27 -> 
  custom:video-codec-MediaFoundation-h265: 746d11721c4dcdbdad8f713fa42b33f4 -> 
  custom:video-decoder-ogg-theora: a1e56fd34408186e4bbccfd4996cb3dc -> 
  custom:framework-win-MediaFoundation: 216162199b28c13a410421893ffa2e32 -> 
  custom:scripting/monoscript/fileName/NewBehaviourScript.cs: b21687ddb03d73bd9f0c1daecb9714de -> 
  custom:CustomObjectIndexerAttribute: 9a22284fe3817be447336de3de66b15e -> 
  custom:container-demuxer-webm: 4f35f7cbe854078d1ac9338744f61a02 -> 
  custom:container-muxer-webm: aa71ff27fc2769a1b78a27578f13a17b -> 
  custom:video-decoder-webm-vp8: 9c59270c3fd7afecdb556c50c9e8de78 -> 
  custom:SearchIndexIgnoredProperties: e643bd26f0fe6173181afceb89e7c659 -> 
  custom:AudioImporter_EditorPlatform: d09bf68614088b80899f8185d706f6e7 -> 
  custom:video-encoder-webm-vp8: eb34c28f22e8b96e1ab97ce403110664 -> 
  custom:audio-decoder-ogg-vorbis: bf7c407c2cedff20999df2af8eb42d56 -> 
  custom:audio-encoder-webm-vorbis: bf7c407c2cedff20999df2af8eb42d56 -> 
========================================================================
Received Prepare
Caller must complete domain reload
Begin MonoManager ReloadAssembly
- Loaded All Assemblies, in  0.512 seconds
Native extension for WindowsStandalone target not found
Native extension for Android target not found
[Package Manager] Server::EnsureServerProcessIsRunning -- launch failed, reason: Unity was launched with the -noUpm command-line argument
[Package Manager] UpmClient::Send -- Unable to send message (not connected to UPM process).
[Package Manager] Cannot connect to Unity Package Manager local server
Mono: successfully reloaded assembly
- Finished resetting the current domain, in  1.092 seconds
Domain Reload Profiling: 1600ms
	BeginReloadAssembly (155ms)
		ExecutionOrderSort (0ms)
		DisableScriptedObjects (5ms)
		BackupInstance (0ms)
		ReleaseScriptingObjects (0ms)
		CreateAndSetChildDomain (49ms)
	RebuildCommonClasses (33ms)
	RebuildNativeTypeToScriptingClass (10ms)
	initialDomainReloadingComplete (30ms)
	LoadAllAssembliesAndSetupDomain (280ms)
		LoadAssemblies (325ms)
		RebuildTransferFunctionScriptingTraits (0ms)
		AnalyzeDomain (24ms)
			TypeCache.Refresh (12ms)
				TypeCache.ScanAssembly (2ms)
			ScanForSourceGeneratedMonoScriptInfo (7ms)
			ResolveRequiredComponents (4ms)
	FinalizeReload (1092ms)
		ReleaseScriptCaches (0ms)
		RebuildScriptCaches (0ms)
		SetupLoadedEditorAssemblies (565ms)
			LogAssemblyErrors (0ms)
			InitializePlatformSupportModulesInManaged (24ms)
			SetLoadedEditorAssemblies (2ms)
			RefreshPlugins (0ms)
			BeforeProcessingInitializeOnLoad (54ms)
			ProcessInitializeOnLoadAttributes (455ms)
			ProcessInitializeOnLoadMethodAttributes (22ms)
			AfterProcessingInitializeOnLoad (8ms)
			EditorAssembliesLoaded (0ms)
		ExecutionOrderSort2 (0ms)
		AwakeInstancesAfterBackupRestoration (4ms)
Shader 'Lit Variants/Old/Lit v2': fallback shader 'Mobile/Quest Lite' not found
Refreshing native plugins compatible for Editor in 3.25 ms, found 3 plugins.
Preloading 0 native plugins for Editor in 0.00 ms.
Unloading 3142 Unused Serialized files (Serialized files now loaded: 0)
Unloading 17 unused Assets / (280.7 KB). Loaded Objects now: 3632.
Memory consumption went from 125.3 MB to 125.0 MB.
Total: 3.032200 ms (FindLiveObjects: 0.227200 ms CreateObjectMapping: 0.087500 ms MarkObjects: 2.544700 ms  DeleteObjects: 0.171800 ms)

Prepare: number of updated asset objects reloaded= 0
AssetImportParameters requested are different than current active one (requested -> active):
  custom:scripting/monoscript/fileName/ShaderSettings.cs: 54c8c0188d818011ca87662d129384e1 -> 
  custom:container-demuxer-ogg: 62fdf1f143b41e24485cea50d1cbac27 -> 
  custom:scripting/monoscript/fileName/SettingsEditor.cs: 40168fcaa283b3719dec08f522da3cf0 -> 
  custom:video-codec-MediaFoundation-h265: 746d11721c4dcdbdad8f713fa42b33f4 -> 
  custom:video-decoder-ogg-theora: a1e56fd34408186e4bbccfd4996cb3dc -> 
  custom:scripting/monoscript/fileName/LitGUI.cs: 1ca4cb4714d256c8ac243163d95f6ccb -> 
  custom:framework-win-MediaFoundation: 216162199b28c13a410421893ffa2e32 -> 
  custom:scripting/monoscript/fileName/NewBehaviourScript.cs: b21687ddb03d73bd9f0c1daecb9714de -> 
  custom:scripting/monoscript/fileName/LitImporterDefaultProperties.cs: ae75dac65714438b66464749b0b84282 -> 
  custom:scripting/precompiled-assembly-types:com.z3y.shaders: e59831729b842b587bdd899b9db6aac3 -> 
  custom:scripting/monoscript/fileName/ExtensionMethods.cs: 1cd1e88ea2ec93ffd9346737e06c95f8 -> 
  custom:scripting/monoscript/fileName/UpgradeStandardMaterial.cs: 0f00db95b98194099c55be8ee755953c -> 
  custom:scripting/monoscript/fileName/FreeImage.cs: 3c31e62813f0f5017b80462bb3afad2c -> 
  custom:CustomObjectIndexerAttribute: 9a22284fe3817be447336de3de66b15e -> 
  custom:scripting/monoscript/fileName/FreeImagePacking.cs: b304f9d9f65de2569f7f2107f65e8e77 -> 
  custom:scripting/monoscript/fileName/BaseShaderGUI.cs: 7a70c837baa462c7f222e35711b54153 -> 
  custom:container-demuxer-webm: 4f35f7cbe854078d1ac9338744f61a02 -> 
  custom:scripting/monoscript/fileName/MaterialDescriptionImporter.cs: 6a3bfd732858e1ee99efc5d2b36dbe5a -> 
  custom:container-muxer-webm: aa71ff27fc2769a1b78a27578f13a17b -> 
  custom:scripting/monoscript/fileName/StochasticTexturingPreprocess.cs: 5b1af8602ff3ed53231a6d2a612e7be2 -> 
  custom:video-decoder-webm-vp8: 9c59270c3fd7afecdb556c50c9e8de78 -> 
  custom:SearchIndexIgnoredProperties: e643bd26f0fe6173181afceb89e7c659 -> 
  custom:AudioImporter_EditorPlatform: d09bf68614088b80899f8185d706f6e7 -> 
  custom:scripting/monoscript/fileName/StandardMigration.cs: 90a86cf254585cdf9024a09109dfffda -> 
  custom:scripting/monoscript/fileName/FreeImagePackingEditor.cs: 4c6ae2cf22c731cd790ea998c26a4d11 -> 
  custom:scripting/monoscript/fileName/LitImporterEditor.cs: cfa67e6bdf50b35cb490ee347297d756 -> 
  custom:scripting/monoscript/fileName/PostProcessor.cs: a34baa4ac252229139c880b626ab57db -> 
  custom:scripting/monoscript/fileName/LitImporter.cs: 41d589d7cf8b3584fa989ea5c6cd65c9 -> 
  custom:scripting/monoscript/fileName/MaterialSetup.cs: e805e5fe56ba66eb5adfaa3db4f2ffba -> 
  custom:video-encoder-webm-vp8: eb34c28f22e8b96e1ab97ce403110664 -> 
  custom:audio-decoder-ogg-vorbis: bf7c407c2cedff20999df2af8eb42d56 -> 
  custom:scripting/monoscript/fileName/DefaultInspector.cs: f3d1eee9190deb7f0d5c9cde4325e2f3 -> 
  custom:scripting/monoscript/fileName/SampleCustomDrawer.cs: af12c54e92dfa0c06c96496765f28ce2 -> 
  custom:audio-encoder-webm-vorbis: bf7c407c2cedff20999df2af8eb42d56 -> 
========================================================================
Received Prepare
Caller must complete domain reload
Begin MonoManager ReloadAssembly
- Loaded All Assemblies, in  0.486 seconds
Native extension for WindowsStandalone target not found
Native extension for Android target not found
[Package Manager] Server::EnsureServerProcessIsRunning -- launch failed, reason: Unity was launched with the -noUpm command-line argument
[Package Manager] UpmClient::Send -- Unable to send message (not connected to UPM process).
[Package Manager] Cannot connect to Unity Package Manager local server
Mono: successfully reloaded assembly
- Finished resetting the current domain, in  1.052 seconds
Domain Reload Profiling: 1535ms
	BeginReloadAssembly (163ms)
		ExecutionOrderSort (0ms)
		DisableScriptedObjects (4ms)
		BackupInstance (0ms)
		ReleaseScriptingObjects (0ms)
		CreateAndSetChildDomain (37ms)
	RebuildCommonClasses (52ms)
	RebuildNativeTypeToScriptingClass (20ms)
	initialDomainReloadingComplete (30ms)
	LoadAllAssembliesAndSetupDomain (218ms)
		LoadAssemblies (288ms)
		RebuildTransferFunctionScriptingTraits (0ms)
		AnalyzeDomain (23ms)
			TypeCache.Refresh (9ms)
				TypeCache.ScanAssembly (1ms)
			ScanForSourceGeneratedMonoScriptInfo (6ms)
			ResolveRequiredComponents (7ms)
	FinalizeReload (1052ms)
		ReleaseScriptCaches (0ms)
		RebuildScriptCaches (0ms)
		SetupLoadedEditorAssemblies (549ms)
			LogAssemblyErrors (0ms)
			InitializePlatformSupportModulesInManaged (29ms)
			SetLoadedEditorAssemblies (3ms)
			RefreshPlugins (0ms)
			BeforeProcessingInitializeOnLoad (75ms)
			ProcessInitializeOnLoadAttributes (415ms)
			ProcessInitializeOnLoadMethodAttributes (20ms)
			AfterProcessingInitializeOnLoad (7ms)
			EditorAssembliesLoaded (0ms)
		ExecutionOrderSort2 (0ms)
		AwakeInstancesAfterBackupRestoration (5ms)
Refreshing native plugins compatible for Editor in 3.06 ms, found 3 plugins.
Preloading 0 native plugins for Editor in 0.00 ms.
Unloading 3118 Unused Serialized files (Serialized files now loaded: 0)
Unloading 16 unused Assets / (29.5 KB). Loaded Objects now: 3633.
Memory consumption went from 123.7 MB to 123.6 MB.
Total: 3.009100 ms (FindLiveObjects: 0.209600 ms CreateObjectMapping: 0.066400 ms MarkObjects: 2.687500 ms  DeleteObjects: 0.044900 ms)

Prepare: number of updated asset objects reloaded= 0
AssetImportParameters requested are different than current active one (requested -> active):
  custom:scripting/monoscript/fileName/ShaderSettings.cs: 54c8c0188d818011ca87662d129384e1 -> 
  custom:container-demuxer-ogg: 62fdf1f143b41e24485cea50d1cbac27 -> 
  custom:scripting/monoscript/fileName/SettingsEditor.cs: 40168fcaa283b3719dec08f522da3cf0 -> 
  custom:video-codec-MediaFoundation-h265: 746d11721c4dcdbdad8f713fa42b33f4 -> 
  custom:video-decoder-ogg-theora: a1e56fd34408186e4bbccfd4996cb3dc -> 
  custom:scripting/monoscript/fileName/LitGUI.cs: 1ca4cb4714d256c8ac243163d95f6ccb -> 
  custom:framework-win-MediaFoundation: 216162199b28c13a410421893ffa2e32 -> 
  custom:scripting/monoscript/fileName/NewBehaviourScript.cs: b21687ddb03d73bd9f0c1daecb9714de -> 
  custom:scripting/monoscript/fileName/LitImporterDefaultProperties.cs: ae75dac65714438b66464749b0b84282 -> 
  custom:scripting/monoscript/fileName/ExtensionMethods.cs: 1cd1e88ea2ec93ffd9346737e06c95f8 -> 
  custom:scripting/monoscript/fileName/UpgradeStandardMaterial.cs: 0f00db95b98194099c55be8ee755953c -> 
  custom:scripting/monoscript/fileName/FreeImage.cs: 3c31e62813f0f5017b80462bb3afad2c -> 
  custom:CustomObjectIndexerAttribute: 9a22284fe3817be447336de3de66b15e -> 
  custom:scripting/monoscript/fileName/FreeImagePacking.cs: b304f9d9f65de2569f7f2107f65e8e77 -> 
  custom:scripting/monoscript/fileName/BaseShaderGUI.cs: 7a70c837baa462c7f222e35711b54153 -> 
  custom:container-demuxer-webm: 4f35f7cbe854078d1ac9338744f61a02 -> 
  custom:scripting/monoscript/fileName/MaterialDescriptionImporter.cs: 6a3bfd732858e1ee99efc5d2b36dbe5a -> 
  custom:container-muxer-webm: aa71ff27fc2769a1b78a27578f13a17b -> 
  custom:scripting/monoscript/fileName/StochasticTexturingPreprocess.cs: 5b1af8602ff3ed53231a6d2a612e7be2 -> 
  custom:video-decoder-webm-vp8: 9c59270c3fd7afecdb556c50c9e8de78 -> 
  custom:SearchIndexIgnoredProperties: e643bd26f0fe6173181afceb89e7c659 -> 
  custom:AudioImporter_EditorPlatform: d09bf68614088b80899f8185d706f6e7 -> 
  custom:scripting/monoscript/fileName/StandardMigration.cs: 90a86cf254585cdf9024a09109dfffda -> 
  custom:scripting/monoscript/fileName/FreeImagePackingEditor.cs: 4c6ae2cf22c731cd790ea998c26a4d11 -> 
  custom:scripting/monoscript/fileName/LitImporterEditor.cs: cfa67e6bdf50b35cb490ee347297d756 -> 
  custom:scripting/monoscript/fileName/PostProcessor.cs: a34baa4ac252229139c880b626ab57db -> 
  custom:scripting/monoscript/fileName/LitImporter.cs: 41d589d7cf8b3584fa989ea5c6cd65c9 -> 
  custom:scripting/monoscript/fileName/MaterialSetup.cs: e805e5fe56ba66eb5adfaa3db4f2ffba -> 
  custom:video-encoder-webm-vp8: eb34c28f22e8b96e1ab97ce403110664 -> 
  custom:audio-decoder-ogg-vorbis: bf7c407c2cedff20999df2af8eb42d56 -> 
  custom:scripting/monoscript/fileName/DefaultInspector.cs: f3d1eee9190deb7f0d5c9cde4325e2f3 -> 
  custom:scripting/monoscript/fileName/SampleCustomDrawer.cs: af12c54e92dfa0c06c96496765f28ce2 -> 
  custom:audio-encoder-webm-vorbis: bf7c407c2cedff20999df2af8eb42d56 -> 
========================================================================
Received Prepare
Caller must complete domain reload
Begin MonoManager ReloadAssembly
- Loaded All Assemblies, in  0.427 seconds
Native extension for WindowsStandalone target not found
Native extension for Android target not found
[Package Manager] Server::EnsureServerProcessIsRunning -- launch failed, reason: Unity was launched with the -noUpm command-line argument
[Package Manager] UpmClient::Send -- Unable to send message (not connected to UPM process).
[Package Manager] Cannot connect to Unity Package Manager local server
Mono: successfully reloaded assembly
- Finished resetting the current domain, in  0.956 seconds
Domain Reload Profiling: 1381ms
	BeginReloadAssembly (155ms)
		ExecutionOrderSort (0ms)
		DisableScriptedObjects (6ms)
		BackupInstance (0ms)
		ReleaseScriptingObjects (0ms)
		CreateAndSetChildDomain (30ms)
	RebuildCommonClasses (44ms)
	RebuildNativeTypeToScriptingClass (15ms)
	initialDomainReloadingComplete (27ms)
	LoadAllAssembliesAndSetupDomain (183ms)
		LoadAssemblies (258ms)
		RebuildTransferFunctionScriptingTraits (0ms)
		AnalyzeDomain (12ms)
			TypeCache.Refresh (6ms)
				TypeCache.ScanAssembly (0ms)
			ScanForSourceGeneratedMonoScriptInfo (0ms)
			ResolveRequiredComponents (4ms)
	FinalizeReload (956ms)
		ReleaseScriptCaches (0ms)
		RebuildScriptCaches (0ms)
		SetupLoadedEditorAssemblies (519ms)
			LogAssemblyErrors (0ms)
			InitializePlatformSupportModulesInManaged (22ms)
			SetLoadedEditorAssemblies (2ms)
			RefreshPlugins (0ms)
			BeforeProcessingInitializeOnLoad (53ms)
			ProcessInitializeOnLoadAttributes (409ms)
			ProcessInitializeOnLoadMethodAttributes (22ms)
			AfterProcessingInitializeOnLoad (9ms)
			EditorAssembliesLoaded (0ms)
		ExecutionOrderSort2 (0ms)
		AwakeInstancesAfterBackupRestoration (5ms)
Refreshing native plugins compatible for Editor in 3.04 ms, found 3 plugins.
Preloading 0 native plugins for Editor in 0.00 ms.
Unloading 3118 Unused Serialized files (Serialized files now loaded: 0)
Unloading 14 unused Assets / (28.5 KB). Loaded Objects now: 3636.
Memory consumption went from 123.7 MB to 123.6 MB.
Total: 4.471700 ms (FindLiveObjects: 0.300200 ms CreateObjectMapping: 0.120000 ms MarkObjects: 3.991000 ms  DeleteObjects: 0.059800 ms)

Prepare: number of updated asset objects reloaded= 0
AssetImportParameters requested are different than current active one (requested -> active):
  custom:scripting/monoscript/fileName/ShaderSettings.cs: 54c8c0188d818011ca87662d129384e1 -> 
  custom:container-demuxer-ogg: 62fdf1f143b41e24485cea50d1cbac27 -> 
  custom:scripting/monoscript/fileName/SettingsEditor.cs: 40168fcaa283b3719dec08f522da3cf0 -> 
  custom:video-codec-MediaFoundation-h265: 746d11721c4dcdbdad8f713fa42b33f4 -> 
  custom:video-decoder-ogg-theora: a1e56fd34408186e4bbccfd4996cb3dc -> 
  custom:scripting/monoscript/fileName/LitGUI.cs: 1ca4cb4714d256c8ac243163d95f6ccb -> 
  custom:framework-win-MediaFoundation: 216162199b28c13a410421893ffa2e32 -> 
  custom:scripting/monoscript/fileName/NewBehaviourScript.cs: b21687ddb03d73bd9f0c1daecb9714de -> 
  custom:scripting/monoscript/fileName/LitImporterDefaultProperties.cs: ae75dac65714438b66464749b0b84282 -> 
  custom:scripting/monoscript/fileName/ExtensionMethods.cs: 1cd1e88ea2ec93ffd9346737e06c95f8 -> 
  custom:scripting/monoscript/fileName/UpgradeStandardMaterial.cs: 0f00db95b98194099c55be8ee755953c -> 
  custom:scripting/monoscript/fileName/FreeImage.cs: 3c31e62813f0f5017b80462bb3afad2c -> 
  custom:CustomObjectIndexerAttribute: 9a22284fe3817be447336de3de66b15e -> 
  custom:scripting/monoscript/fileName/FreeImagePacking.cs: b304f9d9f65de2569f7f2107f65e8e77 -> 
  custom:scripting/monoscript/fileName/BaseShaderGUI.cs: 7a70c837baa462c7f222e35711b54153 -> 
  custom:container-demuxer-webm: 4f35f7cbe854078d1ac9338744f61a02 -> 
  custom:scripting/monoscript/fileName/MaterialDescriptionImporter.cs: 6a3bfd732858e1ee99efc5d2b36dbe5a -> 
  custom:container-muxer-webm: aa71ff27fc2769a1b78a27578f13a17b -> 
  custom:scripting/monoscript/fileName/StochasticTexturingPreprocess.cs: 5b1af8602ff3ed53231a6d2a612e7be2 -> 
  custom:video-decoder-webm-vp8: 9c59270c3fd7afecdb556c50c9e8de78 -> 
  custom:SearchIndexIgnoredProperties: e643bd26f0fe6173181afceb89e7c659 -> 
  custom:AudioImporter_EditorPlatform: d09bf68614088b80899f8185d706f6e7 -> 
  custom:scripting/monoscript/fileName/StandardMigration.cs: 90a86cf254585cdf9024a09109dfffda -> 
  custom:scripting/monoscript/fileName/FreeImagePackingEditor.cs: 4c6ae2cf22c731cd790ea998c26a4d11 -> 
  custom:scripting/monoscript/fileName/LitImporterEditor.cs: cfa67e6bdf50b35cb490ee347297d756 -> 
  custom:scripting/monoscript/fileName/PostProcessor.cs: a34baa4ac252229139c880b626ab57db -> 
  custom:scripting/monoscript/fileName/LitImporter.cs: 41d589d7cf8b3584fa989ea5c6cd65c9 -> 
  custom:scripting/monoscript/fileName/MaterialSetup.cs: e805e5fe56ba66eb5adfaa3db4f2ffba -> 
  custom:video-encoder-webm-vp8: eb34c28f22e8b96e1ab97ce403110664 -> 
  custom:audio-decoder-ogg-vorbis: bf7c407c2cedff20999df2af8eb42d56 -> 
  custom:scripting/monoscript/fileName/DefaultInspector.cs: f3d1eee9190deb7f0d5c9cde4325e2f3 -> 
  custom:scripting/monoscript/fileName/SampleCustomDrawer.cs: af12c54e92dfa0c06c96496765f28ce2 -> 
  custom:audio-encoder-webm-vorbis: bf7c407c2cedff20999df2af8eb42d56 -> 
========================================================================
Received Prepare
Caller must complete domain reload
Begin MonoManager ReloadAssembly
- Loaded All Assemblies, in  0.481 seconds
Native extension for WindowsStandalone target not found
Native extension for Android target not found
[Package Manager] Server::EnsureServerProcessIsRunning -- launch failed, reason: Unity was launched with the -noUpm command-line argument
[Package Manager] UpmClient::Send -- Unable to send message (not connected to UPM process).
[Package Manager] Cannot connect to Unity Package Manager local server
Mono: successfully reloaded assembly
- Finished resetting the current domain, in  1.127 seconds
Domain Reload Profiling: 1605ms
	BeginReloadAssembly (160ms)
		ExecutionOrderSort (0ms)
		DisableScriptedObjects (9ms)
		BackupInstance (0ms)
		ReleaseScriptingObjects (0ms)
		CreateAndSetChildDomain (34ms)
	RebuildCommonClasses (46ms)
	RebuildNativeTypeToScriptingClass (19ms)
	initialDomainReloadingComplete (34ms)
	LoadAllAssembliesAndSetupDomain (218ms)
		LoadAssemblies (277ms)
		RebuildTransferFunctionScriptingTraits (0ms)
		AnalyzeDomain (29ms)
			TypeCache.Refresh (11ms)
				TypeCache.ScanAssembly (1ms)
			ScanForSourceGeneratedMonoScriptInfo (9ms)
			ResolveRequiredComponents (7ms)
	FinalizeReload (1128ms)
		ReleaseScriptCaches (0ms)
		RebuildScriptCaches (0ms)
		SetupLoadedEditorAssemblies (578ms)
			LogAssemblyErrors (0ms)
			InitializePlatformSupportModulesInManaged (38ms)
			SetLoadedEditorAssemblies (3ms)
			RefreshPlugins (0ms)
			BeforeProcessingInitializeOnLoad (58ms)
			ProcessInitializeOnLoadAttributes (457ms)
			ProcessInitializeOnLoadMethodAttributes (14ms)
			AfterProcessingInitializeOnLoad (8ms)
			EditorAssembliesLoaded (0ms)
		ExecutionOrderSort2 (0ms)
		AwakeInstancesAfterBackupRestoration (6ms)
Refreshing native plugins compatible for Editor in 2.66 ms, found 3 plugins.
Preloading 0 native plugins for Editor in 0.00 ms.
Unloading 3142 Unused Serialized files (Serialized files now loaded: 0)
Unloading 17 unused Assets / (272.6 KB). Loaded Objects now: 3641.
Memory consumption went from 125.3 MB to 125.1 MB.
Total: 3.115000 ms (FindLiveObjects: 0.228500 ms CreateObjectMapping: 0.089800 ms MarkObjects: 2.581800 ms  DeleteObjects: 0.214100 ms)

Prepare: number of updated asset objects reloaded= 19
AssetImportParameters requested are different than current active one (requested -> active):
  custom:scripting/monoscript/fileName/ShaderSettings.cs: a52ad62f9a7b5cb574e7c441df5144de -> 
  custom:container-demuxer-ogg: 62fdf1f143b41e24485cea50d1cbac27 -> 
  custom:scripting/monoscript/fileName/SettingsEditor.cs: 9545f0cb90ecc7486a35a9ab60fbadc2 -> 
  custom:video-codec-MediaFoundation-h265: 746d11721c4dcdbdad8f713fa42b33f4 -> 
  custom:video-decoder-ogg-theora: a1e56fd34408186e4bbccfd4996cb3dc -> 
  custom:scripting/monoscript/fileName/LitGUI.cs: bc4725030e5a72ea44e4272d8f156733 -> 
  custom:framework-win-MediaFoundation: 216162199b28c13a410421893ffa2e32 -> 
  custom:scripting/monoscript/fileName/NewBehaviourScript.cs: b21687ddb03d73bd9f0c1daecb9714de -> 
  custom:scripting/monoscript/fileName/LitImporterDefaultProperties.cs: e066e715dd1df7a6e8e8254a7985e823 -> 
  custom:scripting/precompiled-assembly-types:com.z3y.shaders: bf6a1a8d5d25cb68a9f9951150b80b6b -> 
  custom:scripting/monoscript/fileName/ExtensionMethods.cs: 6c53e96c839458ddff4b7a8367c1a5f6 -> 
  custom:scripting/monoscript/fileName/UpgradeStandardMaterial.cs: 01964728d745e7ef69916ae77ac9716d -> 
  custom:scripting/monoscript/fileName/FreeImage.cs: 7fd04685024d38a12db3bf031d1042f3 -> 
  custom:CustomObjectIndexerAttribute: 9a22284fe3817be447336de3de66b15e -> 
  custom:scripting/monoscript/fileName/FreeImagePacking.cs: 291520ffe462c5cba8e8a3c56df89d9f -> 
  custom:scripting/monoscript/fileName/BaseShaderGUI.cs: 1c958b6b8fc86e613c947d48361dad68 -> 
  custom:container-demuxer-webm: 4f35f7cbe854078d1ac9338744f61a02 -> 
  custom:scripting/monoscript/fileName/MaterialDescriptionImporter.cs: df575bf63662cd09aa9e2a163e60b444 -> 
  custom:container-muxer-webm: aa71ff27fc2769a1b78a27578f13a17b -> 
  custom:scripting/monoscript/fileName/StochasticTexturingPreprocess.cs: c2711471f132ebe8c2df4ab3f510fc78 -> 
  custom:video-decoder-webm-vp8: 9c59270c3fd7afecdb556c50c9e8de78 -> 
  custom:SearchIndexIgnoredProperties: e643bd26f0fe6173181afceb89e7c659 -> 
  custom:AudioImporter_EditorPlatform: d09bf68614088b80899f8185d706f6e7 -> 
  custom:scripting/monoscript/fileName/StandardMigration.cs: 85665e2f9051eea677ad7de964470053 -> 
  custom:scripting/monoscript/fileName/FreeImagePackingEditor.cs: 31311f84c670b8cdae6af9b86e2bf5a3 -> 
  custom:scripting/monoscript/fileName/LitImporterEditor.cs: ad781b17398f4044f28b8a3104186e71 -> 
  custom:scripting/monoscript/fileName/PostProcessor.cs: e2366274bcbca4e788f0aea4b947c1d3 -> 
  custom:scripting/monoscript/fileName/LitImporter.cs: b83fb15dac332a20859a3ecde38016ca -> 
  custom:scripting/monoscript/fileName/MaterialSetup.cs: a4bb7bf54154b6a8f9aeff0ebe7a9f70 -> 
  custom:video-encoder-webm-vp8: eb34c28f22e8b96e1ab97ce403110664 -> 
  custom:audio-decoder-ogg-vorbis: bf7c407c2cedff20999df2af8eb42d56 -> 
  custom:scripting/monoscript/fileName/DefaultInspector.cs: ddf9d2e34a3c98ac977d9d4ff3fb2405 -> 
  custom:scripting/monoscript/fileName/SampleCustomDrawer.cs: 8dad94a6b2763050cdeb47e00c243f11 -> 
  custom:audio-encoder-webm-vorbis: bf7c407c2cedff20999df2af8eb42d56 -> 
========================================================================
Received Prepare
Caller must complete domain reload
Begin MonoManager ReloadAssembly
- Loaded All Assemblies, in  0.469 seconds
Native extension for WindowsStandalone target not found
Native extension for Android target not found
[Package Manager] Server::EnsureServerProcessIsRunning -- launch failed, reason: Unity was launched with the -noUpm command-line argument
[Package Manager] UpmClient::Send -- Unable to send message (not connected to UPM process).
[Package Manager] Cannot connect to Unity Package Manager local server
Mono: successfully reloaded assembly
- Finished resetting the current domain, in  0.981 seconds
Domain Reload Profiling: 1449ms
	BeginReloadAssembly (172ms)
		ExecutionOrderSort (0ms)
		DisableScriptedObjects (6ms)
		BackupInstance (0ms)
		ReleaseScriptingObjects (0ms)
		CreateAndSetChildDomain (35ms)
	RebuildCommonClasses (24ms)
	RebuildNativeTypeToScriptingClass (8ms)
	initialDomainReloadingComplete (33ms)
	LoadAllAssembliesAndSetupDomain (229ms)
		LoadAssemblies (301ms)
		RebuildTransferFunctionScriptingTraits (0ms)
		AnalyzeDomain (29ms)
			TypeCache.Refresh (10ms)
				TypeCache.ScanAssembly (1ms)
			ScanForSourceGeneratedMonoScriptInfo (9ms)
			ResolveRequiredComponents (7ms)
	FinalizeReload (982ms)
		ReleaseScriptCaches (0ms)
		RebuildScriptCaches (0ms)
		SetupLoadedEditorAssemblies (510ms)
			LogAssemblyErrors (0ms)
			InitializePlatformSupportModulesInManaged (27ms)
			SetLoadedEditorAssemblies (5ms)
			RefreshPlugins (0ms)
			BeforeProcessingInitializeOnLoad (53ms)
			ProcessInitializeOnLoadAttributes (405ms)
			ProcessInitializeOnLoadMethodAttributes (14ms)
			AfterProcessingInitializeOnLoad (6ms)
			EditorAssembliesLoaded (0ms)
		ExecutionOrderSort2 (0ms)
		AwakeInstancesAfterBackupRestoration (4ms)
Refreshing native plugins compatible for Editor in 3.30 ms, found 3 plugins.
Preloading 0 native plugins for Editor in 0.00 ms.
Unloading 3118 Unused Serialized files (Serialized files now loaded: 0)
Unloading 16 unused Assets / (29.5 KB). Loaded Objects now: 3642.
Memory consumption went from 123.7 MB to 123.7 MB.
Total: 2.874900 ms (FindLiveObjects: 0.217400 ms CreateObjectMapping: 0.062700 ms MarkObjects: 2.541900 ms  DeleteObjects: 0.052000 ms)

Prepare: number of updated asset objects reloaded= 0
AssetImportParameters requested are different than current active one (requested -> active):
  custom:scripting/monoscript/fileName/ShaderSettings.cs: a52ad62f9a7b5cb574e7c441df5144de -> 
  custom:container-demuxer-ogg: 62fdf1f143b41e24485cea50d1cbac27 -> 
  custom:scripting/monoscript/fileName/SettingsEditor.cs: 9545f0cb90ecc7486a35a9ab60fbadc2 -> 
  custom:video-codec-MediaFoundation-h265: 746d11721c4dcdbdad8f713fa42b33f4 -> 
  custom:video-decoder-ogg-theora: a1e56fd34408186e4bbccfd4996cb3dc -> 
  custom:scripting/monoscript/fileName/LitGUI.cs: bc4725030e5a72ea44e4272d8f156733 -> 
  custom:framework-win-MediaFoundation: 216162199b28c13a410421893ffa2e32 -> 
  custom:scripting/monoscript/fileName/NewBehaviourScript.cs: b21687ddb03d73bd9f0c1daecb9714de -> 
  custom:scripting/monoscript/fileName/LitImporterDefaultProperties.cs: e066e715dd1df7a6e8e8254a7985e823 -> 
  custom:scripting/monoscript/fileName/ExtensionMethods.cs: 6c53e96c839458ddff4b7a8367c1a5f6 -> 
  custom:scripting/monoscript/fileName/UpgradeStandardMaterial.cs: 01964728d745e7ef69916ae77ac9716d -> 
  custom:scripting/monoscript/fileName/FreeImage.cs: 7fd04685024d38a12db3bf031d1042f3 -> 
  custom:CustomObjectIndexerAttribute: 9a22284fe3817be447336de3de66b15e -> 
  custom:scripting/monoscript/fileName/FreeImagePacking.cs: 291520ffe462c5cba8e8a3c56df89d9f -> 
  custom:scripting/monoscript/fileName/BaseShaderGUI.cs: 1c958b6b8fc86e613c947d48361dad68 -> 
  custom:container-demuxer-webm: 4f35f7cbe854078d1ac9338744f61a02 -> 
  custom:scripting/monoscript/fileName/MaterialDescriptionImporter.cs: df575bf63662cd09aa9e2a163e60b444 -> 
  custom:container-muxer-webm: aa71ff27fc2769a1b78a27578f13a17b -> 
  custom:scripting/monoscript/fileName/StochasticTexturingPreprocess.cs: c2711471f132ebe8c2df4ab3f510fc78 -> 
  custom:video-decoder-webm-vp8: 9c59270c3fd7afecdb556c50c9e8de78 -> 
  custom:SearchIndexIgnoredProperties: e643bd26f0fe6173181afceb89e7c659 -> 
  custom:AudioImporter_EditorPlatform: d09bf68614088b80899f8185d706f6e7 -> 
  custom:scripting/monoscript/fileName/StandardMigration.cs: 85665e2f9051eea677ad7de964470053 -> 
  custom:scripting/monoscript/fileName/FreeImagePackingEditor.cs: 31311f84c670b8cdae6af9b86e2bf5a3 -> 
  custom:scripting/monoscript/fileName/LitImporterEditor.cs: ad781b17398f4044f28b8a3104186e71 -> 
  custom:scripting/monoscript/fileName/PostProcessor.cs: e2366274bcbca4e788f0aea4b947c1d3 -> 
  custom:scripting/monoscript/fileName/LitImporter.cs: b83fb15dac332a20859a3ecde38016ca -> 
  custom:scripting/monoscript/fileName/MaterialSetup.cs: a4bb7bf54154b6a8f9aeff0ebe7a9f70 -> 
  custom:video-encoder-webm-vp8: eb34c28f22e8b96e1ab97ce403110664 -> 
  custom:audio-decoder-ogg-vorbis: bf7c407c2cedff20999df2af8eb42d56 -> 
  custom:scripting/monoscript/fileName/DefaultInspector.cs: ddf9d2e34a3c98ac977d9d4ff3fb2405 -> 
  custom:scripting/monoscript/fileName/SampleCustomDrawer.cs: 8dad94a6b2763050cdeb47e00c243f11 -> 
  custom:audio-encoder-webm-vorbis: bf7c407c2cedff20999df2af8eb42d56 -> 
========================================================================
Received Prepare
Assembly with name 'com.z3y.shaders' already exists (Assets/Shader Lit/Editor/com.z3y.editor.litshader.asmdef)
Assembly with name 'com.z3y.shaders' already exists (Packages/com.z3y.shaders/Editor/com.z3y.editor.litshader.asmdef)
Caller must complete domain reload
Assembly with name 'com.z3y.shaders' already exists (Assets/Shader Lit/Editor/com.z3y.editor.litshader.asmdef)
Assembly with name 'com.z3y.shaders' already exists (Packages/com.z3y.shaders/Editor/com.z3y.editor.litshader.asmdef)
Begin MonoManager ReloadAssembly
- Loaded All Assemblies, in  0.471 seconds
Native extension for WindowsStandalone target not found
Native extension for Android target not found
Assembly with name 'com.z3y.shaders' already exists (Assets/Shader Lit/Editor/com.z3y.editor.litshader.asmdef)
Assembly with name 'com.z3y.shaders' already exists (Packages/com.z3y.shaders/Editor/com.z3y.editor.litshader.asmdef)
[Package Manager] Server::EnsureServerProcessIsRunning -- launch failed, reason: Unity was launched with the -noUpm command-line argument
[Package Manager] UpmClient::Send -- Unable to send message (not connected to UPM process).
[Package Manager] Cannot connect to Unity Package Manager local server
Mono: successfully reloaded assembly
- Finished resetting the current domain, in  1.116 seconds
Domain Reload Profiling: 1584ms
	BeginReloadAssembly (169ms)
		ExecutionOrderSort (0ms)
		DisableScriptedObjects (5ms)
		BackupInstance (0ms)
		ReleaseScriptingObjects (0ms)
		CreateAndSetChildDomain (28ms)
	RebuildCommonClasses (31ms)
	RebuildNativeTypeToScriptingClass (15ms)
	initialDomainReloadingComplete (36ms)
	LoadAllAssembliesAndSetupDomain (217ms)
		LoadAssemblies (293ms)
		RebuildTransferFunctionScriptingTraits (0ms)
		AnalyzeDomain (27ms)
			TypeCache.Refresh (12ms)
				TypeCache.ScanAssembly (2ms)
			ScanForSourceGeneratedMonoScriptInfo (9ms)
			ResolveRequiredComponents (4ms)
	FinalizeReload (1116ms)
		ReleaseScriptCaches (0ms)
		RebuildScriptCaches (0ms)
		SetupLoadedEditorAssemblies (589ms)
			LogAssemblyErrors (0ms)
			InitializePlatformSupportModulesInManaged (21ms)
			SetLoadedEditorAssemblies (2ms)
			RefreshPlugins (0ms)
			BeforeProcessingInitializeOnLoad (83ms)
			ProcessInitializeOnLoadAttributes (449ms)
			ProcessInitializeOnLoadMethodAttributes (24ms)
			AfterProcessingInitializeOnLoad (10ms)
			EditorAssembliesLoaded (0ms)
		ExecutionOrderSort2 (0ms)
		AwakeInstancesAfterBackupRestoration (6ms)
Refreshing native plugins compatible for Editor in 2.71 ms, found 3 plugins.
Preloading 0 native plugins for Editor in 0.00 ms.
Unloading 3142 Unused Serialized files (Serialized files now loaded: 0)
Unloading 17 unused Assets / (280.5 KB). Loaded Objects now: 3647.
Memory consumption went from 125.3 MB to 125.0 MB.
Total: 3.209100 ms (FindLiveObjects: 0.228800 ms CreateObjectMapping: 0.100700 ms MarkObjects: 2.693700 ms  DeleteObjects: 0.184300 ms)

Prepare: number of updated asset objects reloaded= 19
AssetImportParameters requested are different than current active one (requested -> active):
  custom:scripting/monoscript/fileName/ShaderSettings.cs: 61fd2f434fa244bf811b4329359dc213 -> 
  custom:container-demuxer-ogg: 62fdf1f143b41e24485cea50d1cbac27 -> 
  custom:scripting/monoscript/fileName/SettingsEditor.cs: ad53a256aed0a94332fe0059f1f48409 -> 
  custom:video-codec-MediaFoundation-h265: 746d11721c4dcdbdad8f713fa42b33f4 -> 
  custom:video-decoder-ogg-theora: a1e56fd34408186e4bbccfd4996cb3dc -> 
  custom:scripting/monoscript/fileName/LitGUI.cs: ae8f8e4c24f1577a461a21acddf847df -> 
  custom:framework-win-MediaFoundation: 216162199b28c13a410421893ffa2e32 -> 
  custom:scripting/monoscript/fileName/NewBehaviourScript.cs: b21687ddb03d73bd9f0c1daecb9714de -> 
  custom:scripting/monoscript/fileName/LitImporterDefaultProperties.cs: 130eeefbadc0bf43d8b51ba9cb59d26e -> 
  custom:scripting/precompiled-assembly-types:com.z3y.shaders: d335ff2f948bfe5b7976f8c06e43e0e0 -> 
  custom:scripting/monoscript/fileName/ExtensionMethods.cs: c8f006339894262a6fa1f1ce48610083 -> 
  custom:scripting/monoscript/fileName/UpgradeStandardMaterial.cs: edbe4b4de1120f3fdab6dd779c51538d -> 
  custom:scripting/monoscript/fileName/FreeImage.cs: 23d5149ecce20fce95559e03a96afecd -> 
  custom:CustomObjectIndexerAttribute: 9a22284fe3817be447336de3de66b15e -> 
  custom:scripting/monoscript/fileName/FreeImagePacking.cs: 4ca4e4286c836eba6bedbca70f1dc26c -> 
  custom:scripting/monoscript/fileName/BaseShaderGUI.cs: f8889d3be720caf617fcc4dd3ee404e3 -> 
  custom:container-demuxer-webm: 4f35f7cbe854078d1ac9338744f61a02 -> 
  custom:scripting/monoscript/fileName/MaterialDescriptionImporter.cs: 54e1073156cd0b139670ecfc35224c8a -> 
  custom:container-muxer-webm: aa71ff27fc2769a1b78a27578f13a17b -> 
  custom:scripting/monoscript/fileName/StochasticTexturingPreprocess.cs: 35b3584604db5f6c4904439ffd9bbf5b -> 
  custom:video-decoder-webm-vp8: 9c59270c3fd7afecdb556c50c9e8de78 -> 
  custom:SearchIndexIgnoredProperties: e643bd26f0fe6173181afceb89e7c659 -> 
  custom:AudioImporter_EditorPlatform: d09bf68614088b80899f8185d706f6e7 -> 
  custom:scripting/monoscript/fileName/StandardMigration.cs: b8da031bb624c55570f2cea459ab332c -> 
  custom:scripting/monoscript/fileName/FreeImagePackingEditor.cs: bc933e35fea01eb0acf107ec3750e2c7 -> 
  custom:scripting/monoscript/fileName/LitImporterEditor.cs: cf0e344665223d6fd5e93037608a84f9 -> 
  custom:scripting/monoscript/fileName/PostProcessor.cs: 157c310bf7bca7cb215d70fa21ae6156 -> 
  custom:scripting/monoscript/fileName/LitImporter.cs: eb83634825587f6e6e4fe67258218da5 -> 
  custom:scripting/monoscript/fileName/MaterialSetup.cs: 6f093653dd74f59d89003f2b3a6a9030 -> 
  custom:video-encoder-webm-vp8: eb34c28f22e8b96e1ab97ce403110664 -> 
  custom:audio-decoder-ogg-vorbis: bf7c407c2cedff20999df2af8eb42d56 -> 
  custom:scripting/monoscript/fileName/DefaultInspector.cs: 44f5dbef56d3e57b83aeb436e4e9e5a9 -> 
  custom:scripting/monoscript/fileName/SampleCustomDrawer.cs: 67ee2b8a17aac78da2d54a6681a24ac8 -> 
  custom:audio-encoder-webm-vorbis: bf7c407c2cedff20999df2af8eb42d56 -> 
========================================================================
Received Prepare
Assembly with name 'com.z3y.shaders' already exists (Assets/Shader Lit/Editor/com.z3y.editor.litshader.asmdef)
Assembly with name 'com.z3y.shaders' already exists (Packages/com.z3y.shaders/Editor/com.z3y.editor.litshader.asmdef)
Caller must complete domain reload
Assembly with name 'com.z3y.shaders' already exists (Assets/Shader Lit/Editor/com.z3y.editor.litshader.asmdef)
Assembly with name 'com.z3y.shaders' already exists (Packages/com.z3y.shaders/Editor/com.z3y.editor.litshader.asmdef)
Begin MonoManager ReloadAssembly
- Loaded All Assemblies, in  0.499 seconds
Native extension for WindowsStandalone target not found
Native extension for Android target not found
Assembly with name 'com.z3y.shaders' already exists (Assets/Shader Lit/Editor/com.z3y.editor.litshader.asmdef)
Assembly with name 'com.z3y.shaders' already exists (Packages/com.z3y.shaders/Editor/com.z3y.editor.litshader.asmdef)
[Package Manager] Server::EnsureServerProcessIsRunning -- launch failed, reason: Unity was launched with the -noUpm command-line argument
[Package Manager] UpmClient::Send -- Unable to send message (not connected to UPM process).
[Package Manager] Cannot connect to Unity Package Manager local server
Mono: successfully reloaded assembly
- Finished resetting the current domain, in  1.144 seconds
Domain Reload Profiling: 1640ms
	BeginReloadAssembly (170ms)
		ExecutionOrderSort (0ms)
		DisableScriptedObjects (11ms)
		BackupInstance (0ms)
		ReleaseScriptingObjects (0ms)
		CreateAndSetChildDomain (32ms)
	RebuildCommonClasses (47ms)
	RebuildNativeTypeToScriptingClass (10ms)
	initialDomainReloadingComplete (38ms)
	LoadAllAssembliesAndSetupDomain (232ms)
		LoadAssemblies (298ms)
		RebuildTransferFunctionScriptingTraits (0ms)
		AnalyzeDomain (26ms)
			TypeCache.Refresh (10ms)
				TypeCache.ScanAssembly (1ms)
			ScanForSourceGeneratedMonoScriptInfo (9ms)
			ResolveRequiredComponents (5ms)
	FinalizeReload (1144ms)
		ReleaseScriptCaches (0ms)
		RebuildScriptCaches (0ms)
		SetupLoadedEditorAssemblies (631ms)
			LogAssemblyErrors (0ms)
			InitializePlatformSupportModulesInManaged (23ms)
			SetLoadedEditorAssemblies (2ms)
			RefreshPlugins (0ms)
			BeforeProcessingInitializeOnLoad (109ms)
			ProcessInitializeOnLoadAttributes (464ms)
			ProcessInitializeOnLoadMethodAttributes (23ms)
			AfterProcessingInitializeOnLoad (10ms)
			EditorAssembliesLoaded (0ms)
		ExecutionOrderSort2 (0ms)
		AwakeInstancesAfterBackupRestoration (7ms)
Refreshing native plugins compatible for Editor in 2.70 ms, found 3 plugins.
Preloading 0 native plugins for Editor in 0.00 ms.
Unloading 3118 Unused Serialized files (Serialized files now loaded: 0)
Unloading 16 unused Assets / (29.5 KB). Loaded Objects now: 3648.
Memory consumption went from 123.7 MB to 123.7 MB.
Total: 4.192600 ms (FindLiveObjects: 0.360800 ms CreateObjectMapping: 0.161000 ms MarkObjects: 3.624300 ms  DeleteObjects: 0.045600 ms)

Prepare: number of updated asset objects reloaded= 0
AssetImportParameters requested are different than current active one (requested -> active):
  custom:scripting/monoscript/fileName/ShaderSettings.cs: 61fd2f434fa244bf811b4329359dc213 -> 
  custom:container-demuxer-ogg: 62fdf1f143b41e24485cea50d1cbac27 -> 
  custom:scripting/monoscript/fileName/SettingsEditor.cs: ad53a256aed0a94332fe0059f1f48409 -> 
  custom:video-codec-MediaFoundation-h265: 746d11721c4dcdbdad8f713fa42b33f4 -> 
  custom:video-decoder-ogg-theora: a1e56fd34408186e4bbccfd4996cb3dc -> 
  custom:scripting/monoscript/fileName/LitGUI.cs: ae8f8e4c24f1577a461a21acddf847df -> 
  custom:framework-win-MediaFoundation: 216162199b28c13a410421893ffa2e32 -> 
  custom:scripting/monoscript/fileName/NewBehaviourScript.cs: b21687ddb03d73bd9f0c1daecb9714de -> 
  custom:scripting/monoscript/fileName/LitImporterDefaultProperties.cs: 130eeefbadc0bf43d8b51ba9cb59d26e -> 
  custom:scripting/monoscript/fileName/ExtensionMethods.cs: c8f006339894262a6fa1f1ce48610083 -> 
  custom:scripting/monoscript/fileName/UpgradeStandardMaterial.cs: edbe4b4de1120f3fdab6dd779c51538d -> 
  custom:scripting/monoscript/fileName/FreeImage.cs: 23d5149ecce20fce95559e03a96afecd -> 
  custom:CustomObjectIndexerAttribute: 9a22284fe3817be447336de3de66b15e -> 
  custom:scripting/monoscript/fileName/FreeImagePacking.cs: 4ca4e4286c836eba6bedbca70f1dc26c -> 
  custom:scripting/monoscript/fileName/BaseShaderGUI.cs: f8889d3be720caf617fcc4dd3ee404e3 -> 
  custom:container-demuxer-webm: 4f35f7cbe854078d1ac9338744f61a02 -> 
  custom:scripting/monoscript/fileName/MaterialDescriptionImporter.cs: 54e1073156cd0b139670ecfc35224c8a -> 
  custom:container-muxer-webm: aa71ff27fc2769a1b78a27578f13a17b -> 
  custom:scripting/monoscript/fileName/StochasticTexturingPreprocess.cs: 35b3584604db5f6c4904439ffd9bbf5b -> 
  custom:video-decoder-webm-vp8: 9c59270c3fd7afecdb556c50c9e8de78 -> 
  custom:SearchIndexIgnoredProperties: e643bd26f0fe6173181afceb89e7c659 -> 
  custom:AudioImporter_EditorPlatform: d09bf68614088b80899f8185d706f6e7 -> 
  custom:scripting/monoscript/fileName/StandardMigration.cs: b8da031bb624c55570f2cea459ab332c -> 
  custom:scripting/monoscript/fileName/FreeImagePackingEditor.cs: bc933e35fea01eb0acf107ec3750e2c7 -> 
  custom:scripting/monoscript/fileName/LitImporterEditor.cs: cf0e344665223d6fd5e93037608a84f9 -> 
  custom:scripting/monoscript/fileName/PostProcessor.cs: 157c310bf7bca7cb215d70fa21ae6156 -> 
  custom:scripting/monoscript/fileName/LitImporter.cs: eb83634825587f6e6e4fe67258218da5 -> 
  custom:scripting/monoscript/fileName/MaterialSetup.cs: 6f093653dd74f59d89003f2b3a6a9030 -> 
  custom:video-encoder-webm-vp8: eb34c28f22e8b96e1ab97ce403110664 -> 
  custom:audio-decoder-ogg-vorbis: bf7c407c2cedff20999df2af8eb42d56 -> 
  custom:scripting/monoscript/fileName/DefaultInspector.cs: 44f5dbef56d3e57b83aeb436e4e9e5a9 -> 
  custom:scripting/monoscript/fileName/SampleCustomDrawer.cs: 67ee2b8a17aac78da2d54a6681a24ac8 -> 
  custom:audio-encoder-webm-vorbis: bf7c407c2cedff20999df2af8eb42d56 -> 
========================================================================
Received Prepare
Assembly with name 'com.z3y.shaders' already exists (Assets/Shader Lit/Editor/com.z3y.editor.litshader.asmdef)
Assembly with name 'com.z3y.shaders' already exists (Packages/com.z3y.shaders/Editor/com.z3y.editor.litshader.asmdef)
Caller must complete domain reload
Assembly with name 'com.z3y.shaders' already exists (Assets/Shader Lit/Editor/com.z3y.editor.litshader.asmdef)
Assembly with name 'com.z3y.shaders' already exists (Packages/com.z3y.shaders/Editor/com.z3y.editor.litshader.asmdef)
Begin MonoManager ReloadAssembly
- Loaded All Assemblies, in  0.440 seconds
Native extension for WindowsStandalone target not found
Native extension for Android target not found
Assembly with name 'com.z3y.shaders' already exists (Assets/Shader Lit/Editor/com.z3y.editor.litshader.asmdef)
Assembly with name 'com.z3y.shaders' already exists (Packages/com.z3y.shaders/Editor/com.z3y.editor.litshader.asmdef)
[Package Manager] Server::EnsureServerProcessIsRunning -- launch failed, reason: Unity was launched with the -noUpm command-line argument
[Package Manager] UpmClient::Send -- Unable to send message (not connected to UPM process).
[Package Manager] Cannot connect to Unity Package Manager local server
Mono: successfully reloaded assembly
- Finished resetting the current domain, in  1.170 seconds
Domain Reload Profiling: 1607ms
	BeginReloadAssembly (146ms)
		ExecutionOrderSort (0ms)
		DisableScriptedObjects (6ms)
		BackupInstance (0ms)
		ReleaseScriptingObjects (0ms)
		CreateAndSetChildDomain (32ms)
	RebuildCommonClasses (39ms)
	RebuildNativeTypeToScriptingClass (15ms)
	initialDomainReloadingComplete (33ms)
	LoadAllAssembliesAndSetupDomain (203ms)
		LoadAssemblies (259ms)
		RebuildTransferFunctionScriptingTraits (0ms)
		AnalyzeDomain (24ms)
			TypeCache.Refresh (10ms)
				TypeCache.ScanAssembly (1ms)
			ScanForSourceGeneratedMonoScriptInfo (6ms)
			ResolveRequiredComponents (5ms)
	FinalizeReload (1171ms)
		ReleaseScriptCaches (0ms)
		RebuildScriptCaches (0ms)
		SetupLoadedEditorAssemblies (597ms)
			LogAssemblyErrors (0ms)
			InitializePlatformSupportModulesInManaged (23ms)
			SetLoadedEditorAssemblies (3ms)
			RefreshPlugins (0ms)
			BeforeProcessingInitializeOnLoad (91ms)
			ProcessInitializeOnLoadAttributes (446ms)
			ProcessInitializeOnLoadMethodAttributes (24ms)
			AfterProcessingInitializeOnLoad (9ms)
			EditorAssembliesLoaded (0ms)
		ExecutionOrderSort2 (0ms)
		AwakeInstancesAfterBackupRestoration (5ms)
Refreshing native plugins compatible for Editor in 3.41 ms, found 3 plugins.
Preloading 0 native plugins for Editor in 0.00 ms.
Unloading 3142 Unused Serialized files (Serialized files now loaded: 0)
Unloading 17 unused Assets / (280.8 KB). Loaded Objects now: 3653.
Memory consumption went from 125.4 MB to 125.1 MB.
Total: 4.534100 ms (FindLiveObjects: 0.286700 ms CreateObjectMapping: 0.092100 ms MarkObjects: 3.820900 ms  DeleteObjects: 0.333500 ms)

Prepare: number of updated asset objects reloaded= 19
AssetImportParameters requested are different than current active one (requested -> active):
  custom:scripting/monoscript/fileName/ShaderSettings.cs: 4515ca37dc779a5b9be9da62bb80aded -> 
  custom:container-demuxer-ogg: 62fdf1f143b41e24485cea50d1cbac27 -> 
  custom:scripting/monoscript/fileName/SettingsEditor.cs: bfe1aafc6a5bcb7c994d520f1a060929 -> 
  custom:video-codec-MediaFoundation-h265: 746d11721c4dcdbdad8f713fa42b33f4 -> 
  custom:video-decoder-ogg-theora: a1e56fd34408186e4bbccfd4996cb3dc -> 
  custom:scripting/monoscript/fileName/LitGUI.cs: a6310bdb07de4a13a413d79cc1ea5e8d -> 
  custom:framework-win-MediaFoundation: 216162199b28c13a410421893ffa2e32 -> 
  custom:scripting/monoscript/fileName/NewBehaviourScript.cs: b21687ddb03d73bd9f0c1daecb9714de -> 
  custom:scripting/monoscript/fileName/LitImporterDefaultProperties.cs: 4f152b80282148526d08ed624bb90906 -> 
  custom:scripting/precompiled-assembly-types:com.z3y.shaders: 233db2199484ee065ad1d350313235f3 -> 
  custom:scripting/monoscript/fileName/ExtensionMethods.cs: 219322ad8eaa387bd3a8ec0119bf4102 -> 
  custom:scripting/monoscript/fileName/UpgradeStandardMaterial.cs: dd3a71cec5e2712119ec261f000dfc9d -> 
  custom:scripting/monoscript/fileName/FreeImage.cs: 61f7dadc27ff9b5a8f299e3d27bdebda -> 
  custom:CustomObjectIndexerAttribute: 9a22284fe3817be447336de3de66b15e -> 
  custom:scripting/monoscript/fileName/FreeImagePacking.cs: 4a3de5cc6202884f9cb90ab3149eb2ab -> 
  custom:scripting/monoscript/fileName/BaseShaderGUI.cs: b1a698513bc85ad5b983312ef80248aa -> 
  custom:container-demuxer-webm: 4f35f7cbe854078d1ac9338744f61a02 -> 
  custom:scripting/monoscript/fileName/MaterialDescriptionImporter.cs: ad48ce19148d2d4c55fa9f8ff09d5f9a -> 
  custom:container-muxer-webm: aa71ff27fc2769a1b78a27578f13a17b -> 
  custom:scripting/monoscript/fileName/StochasticTexturingPreprocess.cs: 8321d9fc78b1a61dfc3b49dfcc0e8094 -> 
  custom:video-decoder-webm-vp8: 9c59270c3fd7afecdb556c50c9e8de78 -> 
  custom:SearchIndexIgnoredProperties: e643bd26f0fe6173181afceb89e7c659 -> 
  custom:AudioImporter_EditorPlatform: d09bf68614088b80899f8185d706f6e7 -> 
  custom:scripting/monoscript/fileName/StandardMigration.cs: ef843be320ebf53910e748acb97d9e73 -> 
  custom:scripting/monoscript/fileName/FreeImagePackingEditor.cs: 45df0bdd67568907dfd53c3bf9e5f3e1 -> 
  custom:scripting/monoscript/fileName/LitImporterEditor.cs: 88b58e58d617fc3c145ba5b6970b5798 -> 
  custom:scripting/monoscript/fileName/PostProcessor.cs: ac7300c003b8e5cded473f48a2828621 -> 
  custom:scripting/monoscript/fileName/LitImporter.cs: 441c25674dd2b20470cc2b000e1d5eb2 -> 
  custom:scripting/monoscript/fileName/MaterialSetup.cs: c2c7568356f08de684c3061221f6e1ac -> 
  custom:video-encoder-webm-vp8: eb34c28f22e8b96e1ab97ce403110664 -> 
  custom:audio-decoder-ogg-vorbis: bf7c407c2cedff20999df2af8eb42d56 -> 
  custom:scripting/monoscript/fileName/DefaultInspector.cs: 40d582921b4b75cc0ca4c74467735ba7 -> 
  custom:scripting/monoscript/fileName/SampleCustomDrawer.cs: f9a80e1a5ea1f5d6e741b98e35382131 -> 
  custom:audio-encoder-webm-vorbis: bf7c407c2cedff20999df2af8eb42d56 -> 
========================================================================
Received Prepare
Assembly with name 'com.z3y.shaders' already exists (Assets/Shader Lit/Editor/com.z3y.editor.litshader.asmdef)
Assembly with name 'com.z3y.shaders' already exists (Packages/com.z3y.shaders/Editor/com.z3y.editor.litshader.asmdef)
Caller must complete domain reload
Assembly with name 'com.z3y.shaders' already exists (Assets/Shader Lit/Editor/com.z3y.editor.litshader.asmdef)
Assembly with name 'com.z3y.shaders' already exists (Packages/com.z3y.shaders/Editor/com.z3y.editor.litshader.asmdef)
Begin MonoManager ReloadAssembly
- Loaded All Assemblies, in  0.502 seconds
Native extension for WindowsStandalone target not found
Native extension for Android target not found
Assembly with name 'com.z3y.shaders' already exists (Assets/Shader Lit/Editor/com.z3y.editor.litshader.asmdef)
Assembly with name 'com.z3y.shaders' already exists (Packages/com.z3y.shaders/Editor/com.z3y.editor.litshader.asmdef)
[Package Manager] Server::EnsureServerProcessIsRunning -- launch failed, reason: Unity was launched with the -noUpm command-line argument
[Package Manager] UpmClient::Send -- Unable to send message (not connected to UPM process).
[Package Manager] Cannot connect to Unity Package Manager local server
Mono: successfully reloaded assembly
- Finished resetting the current domain, in  1.087 seconds
Domain Reload Profiling: 1583ms
	BeginReloadAssembly (174ms)
		ExecutionOrderSort (0ms)
		DisableScriptedObjects (8ms)
		BackupInstance (0ms)
		ReleaseScriptingObjects (0ms)
		CreateAndSetChildDomain (36ms)
	RebuildCommonClasses (38ms)
	RebuildNativeTypeToScriptingClass (9ms)
	initialDomainReloadingComplete (34ms)
	LoadAllAssembliesAndSetupDomain (239ms)
		LoadAssemblies (288ms)
		RebuildTransferFunctionScriptingTraits (0ms)
		AnalyzeDomain (40ms)
			TypeCache.Refresh (10ms)
				TypeCache.ScanAssembly (1ms)
			ScanForSourceGeneratedMonoScriptInfo (11ms)
			ResolveRequiredComponents (16ms)
	FinalizeReload (1088ms)
		ReleaseScriptCaches (0ms)
		RebuildScriptCaches (0ms)
		SetupLoadedEditorAssemblies (614ms)
			LogAssemblyErrors (0ms)
			InitializePlatformSupportModulesInManaged (31ms)
			SetLoadedEditorAssemblies (3ms)
			RefreshPlugins (0ms)
			BeforeProcessingInitializeOnLoad (85ms)
			ProcessInitializeOnLoadAttributes (459ms)
			ProcessInitializeOnLoadMethodAttributes (24ms)
			AfterProcessingInitializeOnLoad (12ms)
			EditorAssembliesLoaded (0ms)
		ExecutionOrderSort2 (0ms)
		AwakeInstancesAfterBackupRestoration (8ms)
Refreshing native plugins compatible for Editor in 3.29 ms, found 3 plugins.
Preloading 0 native plugins for Editor in 0.00 ms.
Unloading 3141 Unused Serialized files (Serialized files now loaded: 0)
Unloading 18 unused Assets / (273.3 KB). Loaded Objects now: 3655.
Memory consumption went from 125.3 MB to 125.1 MB.
Total: 3.578800 ms (FindLiveObjects: 0.259100 ms CreateObjectMapping: 0.066900 ms MarkObjects: 3.060300 ms  DeleteObjects: 0.191300 ms)

Prepare: number of updated asset objects reloaded= 0
AssetImportParameters requested are different than current active one (requested -> active):
  custom:scripting/monoscript/fileName/ShaderSettings.cs: 4515ca37dc779a5b9be9da62bb80aded -> 
  custom:container-demuxer-ogg: 62fdf1f143b41e24485cea50d1cbac27 -> 
  custom:scripting/monoscript/fileName/SettingsEditor.cs: bfe1aafc6a5bcb7c994d520f1a060929 -> 
  custom:video-codec-MediaFoundation-h265: 746d11721c4dcdbdad8f713fa42b33f4 -> 
  custom:video-decoder-ogg-theora: a1e56fd34408186e4bbccfd4996cb3dc -> 
  custom:scripting/monoscript/fileName/LitGUI.cs: a6310bdb07de4a13a413d79cc1ea5e8d -> 
  custom:framework-win-MediaFoundation: 216162199b28c13a410421893ffa2e32 -> 
  custom:scripting/monoscript/fileName/NewBehaviourScript.cs: b21687ddb03d73bd9f0c1daecb9714de -> 
  custom:scripting/monoscript/fileName/LitImporterDefaultProperties.cs: 4f152b80282148526d08ed624bb90906 -> 
  custom:scripting/precompiled-assembly-types:com.z3y.shaders: 233db2199484ee065ad1d350313235f3 -> 
  custom:scripting/monoscript/fileName/ExtensionMethods.cs: 219322ad8eaa387bd3a8ec0119bf4102 -> 
  custom:scripting/monoscript/fileName/UpgradeStandardMaterial.cs: dd3a71cec5e2712119ec261f000dfc9d -> 
  custom:scripting/monoscript/fileName/FreeImage.cs: 61f7dadc27ff9b5a8f299e3d27bdebda -> 
  custom:CustomObjectIndexerAttribute: 9a22284fe3817be447336de3de66b15e -> 
  custom:scripting/monoscript/fileName/FreeImagePacking.cs: 4a3de5cc6202884f9cb90ab3149eb2ab -> 
  custom:scripting/monoscript/fileName/BaseShaderGUI.cs: b1a698513bc85ad5b983312ef80248aa -> 
  custom:container-demuxer-webm: 4f35f7cbe854078d1ac9338744f61a02 -> 
  custom:scripting/monoscript/fileName/MaterialDescriptionImporter.cs: ad48ce19148d2d4c55fa9f8ff09d5f9a -> 
  custom:container-muxer-webm: aa71ff27fc2769a1b78a27578f13a17b -> 
  custom:scripting/monoscript/fileName/StochasticTexturingPreprocess.cs: 8321d9fc78b1a61dfc3b49dfcc0e8094 -> 
  custom:video-decoder-webm-vp8: 9c59270c3fd7afecdb556c50c9e8de78 -> 
  custom:SearchIndexIgnoredProperties: e643bd26f0fe6173181afceb89e7c659 -> 
  custom:AudioImporter_EditorPlatform: d09bf68614088b80899f8185d706f6e7 -> 
  custom:scripting/monoscript/fileName/StandardMigration.cs: ef843be320ebf53910e748acb97d9e73 -> 
  custom:scripting/monoscript/fileName/FreeImagePackingEditor.cs: 45df0bdd67568907dfd53c3bf9e5f3e1 -> 
  custom:scripting/monoscript/fileName/LitImporterEditor.cs: 88b58e58d617fc3c145ba5b6970b5798 -> 
  custom:scripting/monoscript/fileName/PostProcessor.cs: ac7300c003b8e5cded473f48a2828621 -> 
  custom:scripting/monoscript/fileName/LitImporter.cs: 441c25674dd2b20470cc2b000e1d5eb2 -> 
  custom:scripting/monoscript/fileName/MaterialSetup.cs: c2c7568356f08de684c3061221f6e1ac -> 
  custom:video-encoder-webm-vp8: eb34c28f22e8b96e1ab97ce403110664 -> 
  custom:audio-decoder-ogg-vorbis: bf7c407c2cedff20999df2af8eb42d56 -> 
  custom:scripting/monoscript/fileName/DefaultInspector.cs: 40d582921b4b75cc0ca4c74467735ba7 -> 
  custom:scripting/monoscript/fileName/SampleCustomDrawer.cs: f9a80e1a5ea1f5d6e741b98e35382131 -> 
  custom:audio-encoder-webm-vorbis: bf7c407c2cedff20999df2af8eb42d56 -> 
  custom:scripting/precompiled-assembly-types:Assembly-CSharp: a40ebb8abcaf9de8a1716f923714ce83 -> b7576c1cd73981a5efa58c34793388ca
========================================================================
Received Prepare
Assembly with name 'com.z3y.shaders' already exists (Assets/Shader Lit/Editor/com.z3y.editor.litshader.asmdef)
Assembly with name 'com.z3y.shaders' already exists (Packages/com.z3y.shaders/Editor/com.z3y.editor.litshader.asmdef)
Caller must complete domain reload
Assembly with name 'com.z3y.shaders' already exists (Assets/Shader Lit/Editor/com.z3y.editor.litshader.asmdef)
Assembly with name 'com.z3y.shaders' already exists (Packages/com.z3y.shaders/Editor/com.z3y.editor.litshader.asmdef)
Begin MonoManager ReloadAssembly
- Loaded All Assemblies, in  0.472 seconds
Native extension for WindowsStandalone target not found
Native extension for Android target not found
Assembly with name 'com.z3y.shaders' already exists (Assets/Shader Lit/Editor/com.z3y.editor.litshader.asmdef)
Assembly with name 'com.z3y.shaders' already exists (Packages/com.z3y.shaders/Editor/com.z3y.editor.litshader.asmdef)
[Package Manager] Server::EnsureServerProcessIsRunning -- launch failed, reason: Unity was launched with the -noUpm command-line argument
[Package Manager] UpmClient::Send -- Unable to send message (not connected to UPM process).
[Package Manager] Cannot connect to Unity Package Manager local server
Mono: successfully reloaded assembly
- Finished resetting the current domain, in  1.042 seconds
Domain Reload Profiling: 1511ms
	BeginReloadAssembly (175ms)
		ExecutionOrderSort (0ms)
		DisableScriptedObjects (7ms)
		BackupInstance (0ms)
		ReleaseScriptingObjects (0ms)
		CreateAndSetChildDomain (35ms)
	RebuildCommonClasses (34ms)
	RebuildNativeTypeToScriptingClass (15ms)
	initialDomainReloadingComplete (38ms)
	LoadAllAssembliesAndSetupDomain (207ms)
		LoadAssemblies (279ms)
		RebuildTransferFunctionScriptingTraits (0ms)
		AnalyzeDomain (21ms)
			TypeCache.Refresh (8ms)
				TypeCache.ScanAssembly (1ms)
			ScanForSourceGeneratedMonoScriptInfo (5ms)
			ResolveRequiredComponents (7ms)
	FinalizeReload (1042ms)
		ReleaseScriptCaches (0ms)
		RebuildScriptCaches (0ms)
		SetupLoadedEditorAssemblies (577ms)
			LogAssemblyErrors (0ms)
			InitializePlatformSupportModulesInManaged (25ms)
			SetLoadedEditorAssemblies (2ms)
			RefreshPlugins (0ms)
			BeforeProcessingInitializeOnLoad (72ms)
			ProcessInitializeOnLoadAttributes (448ms)
			ProcessInitializeOnLoadMethodAttributes (22ms)
			AfterProcessingInitializeOnLoad (8ms)
			EditorAssembliesLoaded (0ms)
		ExecutionOrderSort2 (0ms)
		AwakeInstancesAfterBackupRestoration (6ms)
Refreshing native plugins compatible for Editor in 2.66 ms, found 3 plugins.
Preloading 0 native plugins for Editor in 0.00 ms.
Unloading 3144 Unused Serialized files (Serialized files now loaded: 0)
Unloading 17 unused Assets / (272.5 KB). Loaded Objects now: 3661.
Memory consumption went from 125.4 MB to 125.1 MB.
Total: 3.775600 ms (FindLiveObjects: 0.430100 ms CreateObjectMapping: 0.190200 ms MarkObjects: 2.971800 ms  DeleteObjects: 0.182400 ms)

Prepare: number of updated asset objects reloaded= 0
AssetImportParameters requested are different than current active one (requested -> active):
  custom:scripting/monoscript/fileName/mover.cs: 684b606bb9a0cd2559596bd656b9e530 -> 
  custom:scripting/monoscript/fileName/ShaderSettings.cs: 4515ca37dc779a5b9be9da62bb80aded -> 
  custom:container-demuxer-ogg: 62fdf1f143b41e24485cea50d1cbac27 -> 
  custom:scripting/monoscript/fileName/SettingsEditor.cs: bfe1aafc6a5bcb7c994d520f1a060929 -> 
  custom:video-codec-MediaFoundation-h265: 746d11721c4dcdbdad8f713fa42b33f4 -> 
  custom:video-decoder-ogg-theora: a1e56fd34408186e4bbccfd4996cb3dc -> 
  custom:scripting/monoscript/fileName/LitGUI.cs: a6310bdb07de4a13a413d79cc1ea5e8d -> 
  custom:framework-win-MediaFoundation: 216162199b28c13a410421893ffa2e32 -> 
  custom:scripting/monoscript/fileName/NewBehaviourScript.cs: b21687ddb03d73bd9f0c1daecb9714de -> 
  custom:scripting/monoscript/fileName/LitImporterDefaultProperties.cs: 4f152b80282148526d08ed624bb90906 -> 
  custom:scripting/precompiled-assembly-types:com.z3y.shaders: 233db2199484ee065ad1d350313235f3 -> 
  custom:scripting/monoscript/fileName/ExtensionMethods.cs: 219322ad8eaa387bd3a8ec0119bf4102 -> 
  custom:scripting/monoscript/fileName/UpgradeStandardMaterial.cs: dd3a71cec5e2712119ec261f000dfc9d -> 
  custom:scripting/monoscript/fileName/FreeImage.cs: 61f7dadc27ff9b5a8f299e3d27bdebda -> 
  custom:CustomObjectIndexerAttribute: 9a22284fe3817be447336de3de66b15e -> 
  custom:scripting/monoscript/fileName/FreeImagePacking.cs: 4a3de5cc6202884f9cb90ab3149eb2ab -> 
  custom:scripting/monoscript/fileName/BaseShaderGUI.cs: b1a698513bc85ad5b983312ef80248aa -> 
  custom:container-demuxer-webm: 4f35f7cbe854078d1ac9338744f61a02 -> 
  custom:scripting/monoscript/fileName/MaterialDescriptionImporter.cs: ad48ce19148d2d4c55fa9f8ff09d5f9a -> 
  custom:container-muxer-webm: aa71ff27fc2769a1b78a27578f13a17b -> 
  custom:scripting/monoscript/fileName/StochasticTexturingPreprocess.cs: 8321d9fc78b1a61dfc3b49dfcc0e8094 -> 
  custom:video-decoder-webm-vp8: 9c59270c3fd7afecdb556c50c9e8de78 -> 
  custom:scripting/monoscript/fileName/NPC.cs: 13f62339cb18d901afd58d6e1eb5f4d9 -> 90abe046273d7d199d0f971801ca7233
  custom:SearchIndexIgnoredProperties: e643bd26f0fe6173181afceb89e7c659 -> 
  custom:AudioImporter_EditorPlatform: d09bf68614088b80899f8185d706f6e7 -> 
  custom:scripting/monoscript/fileName/StandardMigration.cs: ef843be320ebf53910e748acb97d9e73 -> 
  custom:scripting/monoscript/fileName/agarrar.cs: 25f8a19ce16305fb541aad2e0c7dbfca -> 
  custom:scripting/monoscript/fileName/FreeImagePackingEditor.cs: 45df0bdd67568907dfd53c3bf9e5f3e1 -> 
  custom:scripting/monoscript/fileName/LitImporterEditor.cs: 88b58e58d617fc3c145ba5b6970b5798 -> 
  custom:scripting/monoscript/fileName/PostProcessor.cs: ac7300c003b8e5cded473f48a2828621 -> 
  custom:scripting/monoscript/fileName/LitImporter.cs: 441c25674dd2b20470cc2b000e1d5eb2 -> 
  custom:scripting/monoscript/fileName/MaterialSetup.cs: c2c7568356f08de684c3061221f6e1ac -> 
  custom:video-encoder-webm-vp8: eb34c28f22e8b96e1ab97ce403110664 -> 
  custom:audio-decoder-ogg-vorbis: bf7c407c2cedff20999df2af8eb42d56 -> 
  custom:scripting/monoscript/fileName/DefaultInspector.cs: 40d582921b4b75cc0ca4c74467735ba7 -> 
  custom:scripting/monoscript/fileName/SampleCustomDrawer.cs: f9a80e1a5ea1f5d6e741b98e35382131 -> 
  custom:audio-encoder-webm-vorbis: bf7c407c2cedff20999df2af8eb42d56 -> 
  custom:scripting/precompiled-assembly-types:Assembly-CSharp: eddb40a9dcd8de053676671b4e4bd529 -> b7576c1cd73981a5efa58c34793388ca
